# JRE version: OpenJDK Runtime Environment (8.0_242-b01) (build 1.8.0_242-release-1644-b01)
# Java VM: OpenJDK 64-Bit Server VM (25.242-b01 mixed mode windows-amd64 compressed oops)
Heap:
 PSYoungGen      total 299520K, used 215125K [0x00000000d5580000, 0x00000000eca80000, 0x0000000100000000)
  eden space 273920K, 78% used [0x00000000d5580000,0x00000000e2795590,0x00000000e6100000)
  from space 25600K, 0% used [0x00000000e6100000,0x00000000e6100000,0x00000000e7a00000)
  to   space 30720K, 0% used [0x00000000eac80000,0x00000000eac80000,0x00000000eca80000)
 ParOldGen       total 159232K, used 74535K [0x0000000080000000, 0x0000000089b80000, 0x00000000d5580000)
  object space 159232K, 46% used [0x0000000080000000,0x00000000848c9fb0,0x0000000089b80000)
 Metaspace       used 94404K, capacity 98598K, committed 99112K, reserved 1134592K
  class space    used 12246K, capacity 13107K, committed 13232K, reserved 1048576K
GC Heap History (10 events):
Event: 24.218 GC heap before
{Heap before GC invocations=19 (full 3):
 PSYoungGen      total 192000K, used 191437K [0x00000000d5580000, 0x00000000e6180000, 0x0000000100000000)
  eden space 175104K, 100% used [0x00000000d5580000,0x00000000e0080000,0x00000000e0080000)
  from space 16896K, 96% used [0x00000000e0080000,0x00000000e1073470,0x00000000e1100000)
  to   space 18944K, 0% used [0x00000000e4f00000,0x00000000e4f00000,0x00000000e6180000)
 ParOldGen       total 94208K, used 31290K [0x0000000080000000, 0x0000000085c00000, 0x00000000d5580000)
  object space 94208K, 33% used [0x0000000080000000,0x0000000081e8e8b8,0x0000000085c00000)
 Metaspace       used 75214K, capacity 78524K, committed 78744K, reserved 1118208K
  class space    used 10207K, capacity 10874K, committed 10928K, reserved 1048576K
Event: 24.236 GC heap after
Heap after GC invocations=19 (full 3):
 PSYoungGen      total 247296K, used 13994K [0x00000000d5580000, 0x00000000e5e80000, 0x0000000100000000)
  eden space 231424K, 0% used [0x00000000d5580000,0x00000000d5580000,0x00000000e3780000)
  from space 15872K, 88% used [0x00000000e4f00000,0x00000000e5caa868,0x00000000e5e80000)
  to   space 19968K, 0% used [0x00000000e3780000,0x00000000e3780000,0x00000000e4b00000)
 ParOldGen       total 94208K, used 40326K [0x0000000080000000, 0x0000000085c00000, 0x00000000d5580000)
  object space 94208K, 42% used [0x0000000080000000,0x0000000082761aa0,0x0000000085c00000)
 Metaspace       used 75214K, capacity 78524K, committed 78744K, reserved 1118208K
  class space    used 10207K, capacity 10874K, committed 10928K, reserved 1048576K
}
Event: 27.929 GC heap before
{Heap before GC invocations=20 (full 3):
 PSYoungGen      total 247296K, used 245418K [0x00000000d5580000, 0x00000000e5e80000, 0x0000000100000000)
  eden space 231424K, 100% used [0x00000000d5580000,0x00000000e3780000,0x00000000e3780000)
  from space 15872K, 88% used [0x00000000e4f00000,0x00000000e5caa868,0x00000000e5e80000)
  to   space 19968K, 0% used [0x00000000e3780000,0x00000000e3780000,0x00000000e4b00000)
 ParOldGen       total 94208K, used 40326K [0x0000000080000000, 0x0000000085c00000, 0x00000000d5580000)
  object space 94208K, 42% used [0x0000000080000000,0x0000000082761aa0,0x0000000085c00000)
 Metaspace       used 85006K, capacity 88964K, committed 89112K, reserved 1126400K
  class space    used 11282K, capacity 12056K, committed 12080K, reserved 1048576K
Event: 27.992 GC heap after
Heap after GC invocations=20 (full 3):
 PSYoungGen      total 251392K, used 19618K [0x00000000d5580000, 0x00000000e9480000, 0x0000000100000000)
  eden space 231424K, 0% used [0x00000000d5580000,0x00000000d5580000,0x00000000e3780000)
  from space 19968K, 98% used [0x00000000e3780000,0x00000000e4aa8b58,0x00000000e4b00000)
  to   space 23040K, 0% used [0x00000000e7e00000,0x00000000e7e00000,0x00000000e9480000)
 ParOldGen       total 94208K, used 48061K [0x0000000080000000, 0x0000000085c00000, 0x00000000d5580000)
  object space 94208K, 51% used [0x0000000080000000,0x0000000082eef408,0x0000000085c00000)
 Metaspace       used 85006K, capacity 88964K, committed 89112K, reserved 1126400K
  class space    used 11282K, capacity 12056K, committed 12080K, reserved 1048576K
}
Event: 357.753 GC heap before
{Heap before GC invocations=21 (full 3):
 PSYoungGen      total 251392K, used 251042K [0x00000000d5580000, 0x00000000e9480000, 0x0000000100000000)
  eden space 231424K, 100% used [0x00000000d5580000,0x00000000e3780000,0x00000000e3780000)
  from space 19968K, 98% used [0x00000000e3780000,0x00000000e4aa8b58,0x00000000e4b00000)
  to   space 23040K, 0% used [0x00000000e7e00000,0x00000000e7e00000,0x00000000e9480000)
 ParOldGen       total 94208K, used 48061K [0x0000000080000000, 0x0000000085c00000, 0x00000000d5580000)
  object space 94208K, 51% used [0x0000000080000000,0x0000000082eef408,0x0000000085c00000)
 Metaspace       used 89448K, capacity 93812K, committed 93848K, reserved 1130496K
  class space    used 11797K, capacity 12708K, committed 12720K, reserved 1048576K
Event: 357.786 GC heap after
Heap after GC invocations=21 (full 3):
 PSYoungGen      total 295424K, used 20286K [0x00000000d5580000, 0x00000000e9300000, 0x0000000100000000)
  eden space 273920K, 0% used [0x00000000d5580000,0x00000000d5580000,0x00000000e6100000)
  from space 21504K, 94% used [0x00000000e7e00000,0x00000000e91cf850,0x00000000e9300000)
  to   space 25600K, 0% used [0x00000000e6100000,0x00000000e6100000,0x00000000e7a00000)
 ParOldGen       total 94208K, used 60034K [0x0000000080000000, 0x0000000085c00000, 0x00000000d5580000)
  object space 94208K, 63% used [0x0000000080000000,0x0000000083aa0bd0,0x0000000085c00000)
 Metaspace       used 89448K, capacity 93812K, committed 93848K, reserved 1130496K
  class space    used 11797K, capacity 12708K, committed 12720K, reserved 1048576K
}
Event: 366.195 GC heap before
{Heap before GC invocations=22 (full 3):
 PSYoungGen      total 295424K, used 181420K [0x00000000d5580000, 0x00000000e9300000, 0x0000000100000000)
  eden space 273920K, 58% used [0x00000000d5580000,0x00000000df2db9b8,0x00000000e6100000)
  from space 21504K, 94% used [0x00000000e7e00000,0x00000000e91cf850,0x00000000e9300000)
  to   space 25600K, 0% used [0x00000000e6100000,0x00000000e6100000,0x00000000e7a00000)
 ParOldGen       total 94208K, used 60034K [0x0000000080000000, 0x0000000085c00000, 0x00000000d5580000)
  object space 94208K, 63% used [0x0000000080000000,0x0000000083aa0bd0,0x0000000085c00000)
 Metaspace       used 94066K, capacity 98464K, committed 98600K, reserved 1134592K
  class space    used 12247K, capacity 13150K, committed 13232K, reserved 1048576K
Event: 366.252 GC heap after
Heap after GC invocations=22 (full 3):
 PSYoungGen      total 299520K, used 25598K [0x00000000d5580000, 0x00000000eca80000, 0x0000000100000000)
  eden space 273920K, 0% used [0x00000000d5580000,0x00000000d5580000,0x00000000e6100000)
  from space 25600K, 99% used [0x00000000e6100000,0x00000000e79ffbd8,0x00000000e7a00000)
  to   space 30720K, 0% used [0x00000000eac80000,0x00000000eac80000,0x00000000eca80000)
 ParOldGen       total 94208K, used 62489K [0x0000000080000000, 0x0000000085c00000, 0x00000000d5580000)
  object space 94208K, 66% used [0x0000000080000000,0x0000000083d06798,0x0000000085c00000)
 Metaspace       used 94066K, capacity 98464K, committed 98600K, reserved 1134592K
  class space    used 12247K, capacity 13150K, committed 13232K, reserved 1048576K
}
Event: 366.252 GC heap before
{Heap before GC invocations=23 (full 4):
 PSYoungGen      total 299520K, used 25598K [0x00000000d5580000, 0x00000000eca80000, 0x0000000100000000)
  eden space 273920K, 0% used [0x00000000d5580000,0x00000000d5580000,0x00000000e6100000)
  from space 25600K, 99% used [0x00000000e6100000,0x00000000e79ffbd8,0x00000000e7a00000)
  to   space 30720K, 0% used [0x00000000eac80000,0x00000000eac80000,0x00000000eca80000)
 ParOldGen       total 94208K, used 62489K [0x0000000080000000, 0x0000000085c00000, 0x00000000d5580000)
  object space 94208K, 66% used [0x0000000080000000,0x0000000083d06798,0x0000000085c00000)
 Metaspace       used 94066K, capacity 98464K, committed 98600K, reserved 1134592K
  class space    used 12247K, capacity 13150K, committed 13232K, reserved 1048576K
Event: 366.954 GC heap after
Heap after GC invocations=23 (full 4):
 PSYoungGen      total 299520K, used 0K [0x00000000d5580000, 0x00000000eca80000, 0x0000000100000000)
  eden space 273920K, 0% used [0x00000000d5580000,0x00000000d5580000,0x00000000e6100000)
  from space 25600K, 0% used [0x00000000e6100000,0x00000000e6100000,0x00000000e7a00000)
  to   space 30720K, 0% used [0x00000000eac80000,0x00000000eac80000,0x00000000eca80000)
 ParOldGen       total 159232K, used 74535K [0x0000000080000000, 0x0000000089b80000, 0x00000000d5580000)
  object space 159232K, 46% used [0x0000000080000000,0x00000000848c9fb0,0x0000000089b80000)
 Metaspace       used 93894K, capacity 97982K, committed 98600K, reserved 1134592K
  class space    used 12193K, capacity 13053K, committed 13232K, reserved 1048576K
}

